app/build/intermediates/manifest_merge_blame_file/debug/manifest-merger-blame-debug-report.txt
1<?xml version="1.0" encoding="utf-8"?>
2<manifest xmlns:android="http://schemas.android.com/apk/res/android"
3    package="com.mike.cn.controltab"
4    android:versionCode="1"
5    android:versionName="1.0" >
6
7    <uses-sdk
8        android:minSdkVersion="22"
8-->src/main/AndroidManifest.xml
9        android:targetSdkVersion="31" />
9-->src/main/AndroidManifest.xml
10
11    <uses-permission android:name="android.permission.ACCESS_COARSE_LOCATION" />
11-->src/main/AndroidManifest.xml:6:5-81
11-->src/main/AndroidManifest.xml:6:22-78
12    <uses-permission android:name="android.permission.CHANGE_NETWORK_STATE" />
12-->src/main/AndroidManifest.xml:7:5-79
12-->src/main/AndroidManifest.xml:7:22-76
13    <uses-permission android:name="android.permission.CHANGE_WIFI_STATE" />
13-->src/main/AndroidManifest.xml:8:5-76
13-->src/main/AndroidManifest.xml:8:22-73
14    <uses-permission android:name="android.permission.ACCESS_NETWORK_STATE" />
14-->src/main/AndroidManifest.xml:9:5-79
14-->src/main/AndroidManifest.xml:9:22-76
15    <uses-permission android:name="android.permission.ACCESS_WIFI_STATE" />
15-->src/main/AndroidManifest.xml:10:5-76
15-->src/main/AndroidManifest.xml:10:22-73
16    <uses-permission android:name="android.permission.INTERNET" />
16-->src/main/AndroidManifest.xml:11:5-67
16-->src/main/AndroidManifest.xml:11:22-64
17
18    <application
18-->src/main/AndroidManifest.xml:13:5-38:19
19        android:name="com.mike.cn.controltab.app.MyApp"
19-->src/main/AndroidManifest.xml:14:9-34
20        android:allowBackup="true"
20-->src/main/AndroidManifest.xml:15:9-35
21        android:appComponentFactory="androidx.core.app.CoreComponentFactory"
21-->[androidx.core:core:1.7.0] AndroidManifest.xml:24:18-86
22        android:dataExtractionRules="@xml/data_extraction_rules"
22-->src/main/AndroidManifest.xml:16:9-65
23        android:debuggable="true"
24        android:fullBackupContent="@xml/backup_rules"
24-->src/main/AndroidManifest.xml:17:9-54
25        android:icon="@mipmap/ic_launcher"
25-->src/main/AndroidManifest.xml:18:9-43
26        android:label="@string/app_name"
26-->src/main/AndroidManifest.xml:19:9-41
27        android:roundIcon="@mipmap/ic_launcher_round"
27-->src/main/AndroidManifest.xml:20:9-54
28        android:supportsRtl="true"
28-->src/main/AndroidManifest.xml:21:9-35
29        android:testOnly="true"
30        android:theme="@style/Theme.ControlTab" >
30-->src/main/AndroidManifest.xml:22:9-48
31        <activity
31-->src/main/AndroidManifest.xml:25:9-33:20
32            android:name="com.mike.cn.controltab.MainActivity"
32-->src/main/AndroidManifest.xml:26:13-41
33            android:exported="true" >
33-->src/main/AndroidManifest.xml:27:13-36
34            <intent-filter>
34-->src/main/AndroidManifest.xml:28:13-32:29
35                <action android:name="android.intent.action.MAIN" />
35-->src/main/AndroidManifest.xml:29:17-69
35-->src/main/AndroidManifest.xml:29:25-66
36
37                <category android:name="android.intent.category.LAUNCHER" />
37-->src/main/AndroidManifest.xml:31:17-77
37-->src/main/AndroidManifest.xml:31:27-74
38            </intent-filter>
39        </activity>
40        <activity
40-->src/main/AndroidManifest.xml:35:9-37:40
41            android:name="com.mike.cn.controltab.ui.activity.PortSetActivity"
41-->src/main/AndroidManifest.xml:36:13-56
42            android:exported="false" />
42-->src/main/AndroidManifest.xml:37:13-37
43
44        <provider
44-->[androidx.lifecycle:lifecycle-process:2.2.0] AndroidManifest.xml:25:9-29:43
45            android:name="androidx.lifecycle.ProcessLifecycleOwnerInitializer"
45-->[androidx.lifecycle:lifecycle-process:2.2.0] AndroidManifest.xml:26:13-79
46            android:authorities="com.mike.cn.controltab.lifecycle-process"
46-->[androidx.lifecycle:lifecycle-process:2.2.0] AndroidManifest.xml:27:13-69
47            android:exported="false"
47-->[androidx.lifecycle:lifecycle-process:2.2.0] AndroidManifest.xml:28:13-37
48            android:multiprocess="true" />
48-->[androidx.lifecycle:lifecycle-process:2.2.0] AndroidManifest.xml:29:13-40
49    </application>
50
51</manifest>